appDory/build/outputs/logs/manifest-merger-debug-report.txt
-- Merging decision tree log ---
manifest
ADDED from src/main/AndroidManifest.xml:2:1-91:12
	package
		ADDED from src/main/AndroidManifest.xml:4:5-25
		INJECTED from src/main/AndroidManifest.xml
		INJECTED from src/main/AndroidManifest.xml
	android:versionName
		ADDED from src/main/AndroidManifest.xml:6:5-30
		INJECTED from src/main/AndroidManifest.xml
		INJECTED from src/main/AndroidManifest.xml
	xmlns:tools
		ADDED from src/main/AndroidManifest.xml:3:5-51
	android:versionCode
		ADDED from src/main/AndroidManifest.xml:5:5-28
		INJECTED from src/main/AndroidManifest.xml
		INJECTED from src/main/AndroidManifest.xml
	xmlns:android
		ADDED from src/main/AndroidManifest.xml:2:11-69
uses-permission#android.permission.INTERNET
ADDED from src/main/AndroidManifest.xml:8:5-67
	android:name
		ADDED from src/main/AndroidManifest.xml:8:22-64
uses-permission#android.permission.READ_SYNC_SETTINGS
ADDED from src/main/AndroidManifest.xml:9:5-77
	android:name
		ADDED from src/main/AndroidManifest.xml:9:22-74
uses-permission#android.permission.WRITE_SYNC_SETTINGS
ADDED from src/main/AndroidManifest.xml:10:5-78
	android:name
		ADDED from src/main/AndroidManifest.xml:10:22-75
uses-permission#android.permission.AUTHENTICATE_ACCOUNTS
ADDED from src/main/AndroidManifest.xml:11:5-80
	android:name
		ADDED from src/main/AndroidManifest.xml:11:22-77
uses-permission#android.permission.MANAGE_ACCOUNTS
ADDED from src/main/AndroidManifest.xml:12:5-74
	android:name
		ADDED from src/main/AndroidManifest.xml:12:22-71
uses-sdk
ADDED from src/main/AndroidManifest.xml:14:5-17:42
MERGED from [AppDory_copy:androidVkSdk:unspecified] AndroidManifest.xml:7:5-9:40
MERGED from [com.android.support:support-v4:22.2.1] AndroidManifest.xml:20:5-43
MERGED from [com.android.support:appcompat-v7:22.1.0] AndroidManifest.xml:20:5-43
MERGED from [com.android.support:support-v4:22.2.1] AndroidManifest.xml:20:5-43
	android:targetSdkVersion
		ADDED from src/main/AndroidManifest.xml:16:9-38
		INJECTED from src/main/AndroidManifest.xml
		INJECTED from src/main/AndroidManifest.xml
	tools:ignore
		ADDED from src/main/AndroidManifest.xml:17:9-39
	android:minSdkVersion
		ADDED from src/main/AndroidManifest.xml:15:9-35
		INJECTED from src/main/AndroidManifest.xml
		INJECTED from src/main/AndroidManifest.xml
application
ADDED from src/main/AndroidManifest.xml:19:5-89:19
MERGED from [com.android.support:support-v4:22.2.1] AndroidManifest.xml:22:5-20
MERGED from [com.android.support:appcompat-v7:22.1.0] AndroidManifest.xml:22:5-20
MERGED from [com.android.support:support-v4:22.2.1] AndroidManifest.xml:22:5-20
	android:label
		ADDED from src/main/AndroidManifest.xml:22:9-41
	android:supportsRtl
		ADDED from src/main/AndroidManifest.xml:23:9-35
	tools:ignore
		ADDED from src/main/AndroidManifest.xml:25:9-39
	android:allowBackup
		ADDED from src/main/AndroidManifest.xml:20:9-35
	android:icon
		ADDED from src/main/AndroidManifest.xml:21:9-45
	android:theme
		ADDED from src/main/AndroidManifest.xml:24:9-40
provider#me.appdory.androidaccount.StubProvider
ADDED from src/main/AndroidManifest.xml:26:9-30:39
	android:authorities
		ADDED from src/main/AndroidManifest.xml:28:13-63
	android:syncable
		ADDED from src/main/AndroidManifest.xml:30:13-36
	android:exported
		ADDED from src/main/AndroidManifest.xml:29:13-37
	android:name
		ADDED from src/main/AndroidManifest.xml:27:13-56
service#me.appdory.sync.SyncService
ADDED from src/main/AndroidManifest.xml:32:9-43:19
	android:process
		ADDED from src/main/AndroidManifest.xml:35:13-36
	android:exported
		ADDED from src/main/AndroidManifest.xml:34:13-36
	android:name
		ADDED from src/main/AndroidManifest.xml:33:13-45
intent-filter#android.content.SyncAdapter
ADDED from src/main/AndroidManifest.xml:36:13-38:29
action#android.content.SyncAdapter
ADDED from src/main/AndroidManifest.xml:37:17-70
	android:name
		ADDED from src/main/AndroidManifest.xml:37:25-67
meta-data#android.content.SyncAdapter
ADDED from src/main/AndroidManifest.xml:40:13-42:55
	android:resource
		ADDED from src/main/AndroidManifest.xml:42:17-52
	android:name
		ADDED from src/main/AndroidManifest.xml:41:17-59
service#me.appdory.androidaccount.AuthenticatorService
ADDED from src/main/AndroidManifest.xml:44:9-52:19
	android:name
		ADDED from src/main/AndroidManifest.xml:44:18-69
intent-filter#android.accounts.AccountAuthenticator
ADDED from src/main/AndroidManifest.xml:45:13-47:29
action#android.accounts.AccountAuthenticator
ADDED from src/main/AndroidManifest.xml:46:17-80
	android:name
		ADDED from src/main/AndroidManifest.xml:46:25-77
meta-data#android.accounts.AccountAuthenticator
ADDED from src/main/AndroidManifest.xml:49:13-51:57
	android:resource
		ADDED from src/main/AndroidManifest.xml:51:17-54
	android:name
		ADDED from src/main/AndroidManifest.xml:50:17-69
activity#me.appdory.MainActivity
ADDED from src/main/AndroidManifest.xml:54:9-57:20
	android:label
		ADDED from src/main/AndroidManifest.xml:56:13-45
	android:name
		ADDED from src/main/AndroidManifest.xml:55:13-41
activity#me.appdory.ConcertPageActivity
ADDED from src/main/AndroidManifest.xml:58:9-65:20
	android:label
		ADDED from src/main/AndroidManifest.xml:60:13-49
	android:parentActivityName
		ADDED from src/main/AndroidManifest.xml:61:13-55
	android:name
		ADDED from src/main/AndroidManifest.xml:59:13-48
meta-data#android.support.PARENT_ACTIVITY
ADDED from src/main/AndroidManifest.xml:62:13-64:59
	android:value
		ADDED from src/main/AndroidManifest.xml:64:17-56
	android:name
		ADDED from src/main/AndroidManifest.xml:63:17-63
activity#me.appdory.LoginActivity
ADDED from src/main/AndroidManifest.xml:72:9-80:20
	android:label
		ADDED from src/main/AndroidManifest.xml:74:13-45
	android:name
		ADDED from src/main/AndroidManifest.xml:73:13-42
intent-filter#android.intent.action.MAIN+android.intent.category.LAUNCHER
ADDED from src/main/AndroidManifest.xml:75:13-79:29
action#android.intent.action.MAIN
ADDED from src/main/AndroidManifest.xml:76:17-69
	android:name
		ADDED from src/main/AndroidManifest.xml:76:25-66
category#android.intent.category.LAUNCHER
ADDED from src/main/AndroidManifest.xml:78:17-77
	android:name
		ADDED from src/main/AndroidManifest.xml:78:27-74
activity#me.appdory.VkLoginActivity
ADDED from src/main/AndroidManifest.xml:81:9-84:20
	android:label
		ADDED from src/main/AndroidManifest.xml:83:13-60
	android:name
		ADDED from src/main/AndroidManifest.xml:82:13-44
activity#me.appdory.RegionSelectorActivity
ADDED from src/main/AndroidManifest.xml:85:9-88:20
	android:label
		ADDED from src/main/AndroidManifest.xml:87:13-67
	android:name
		ADDED from src/main/AndroidManifest.xml:86:13-51